Arguments: 
  /snap/node/2680/bin/node /snap/node/2680/bin/yarn.js config get registry

PATH: 
  /home/bf01/.npm/_npx/29938/bin:/opt/ros/melodic/bin:/opt/gcc-arm-none-eabi-7-2017-q4-major/bin:/home/bf01/.local/bin:/usr/local/sbin:/usr/local/bin:/usr/sbin:/usr/bin:/sbin:/bin:/usr/games:/usr/local/games:/snap/bin

Yarn version: 
  1.22.4

Node version: 
  12.16.3

Platform: 
  linux x64

Trace: 
  Error: EACCES: permission denied, write
      at writeSync (fs.js:599:3)
      at SyncWriteStream._write (internal/fs/sync_write_stream.js:24:3)
      at doWrite (_stream_writable.js:403:12)
      at writeOrBuffer (_stream_writable.js:387:5)
      at SyncWriteStream.Writable.write (_stream_writable.js:318:11)
      at ConsoleReporter._log (/snap/node/2680/lib/cli.js:96769:17)
      at ConsoleReporter.log (/snap/node/2680/lib/cli.js:96757:10)
      at get (/snap/node/2680/lib/cli.js:87535:14)
      at Object.<anonymous> (/snap/node/2680/lib/cli.js:25940:25)
      at Generator.next (<anonymous>)

npm manifest: 
  {
    "name": "skribbl_lister_client",
    "version": "0.1.0",
    "private": true
  }

yarn manifest: 
  No manifest

Lockfile: 
  No lockfile
